
/home/runner/work/exp-ode-runge-kutta-method-2nd-order-iitb/exp-ode-runge-kutta-method-2nd-order-iitb/experiment/simulation/common_libraries/js/ts_components/collapse_step.js
   1:10  warning  'show_step' is defined but never used                 no-unused-vars
   2:5   warning  '$' is not defined                                    no-undef
   3:9   warning  '$' is not defined                                    no-undef
   6:10  warning  'hide_step' is defined but never used                 no-unused-vars
   7:5   warning  '$' is not defined                                    no-undef
   8:9   warning  '$' is not defined                                    no-undef
  11:10  warning  'get_collapse_btn_text' is defined but never used     no-unused-vars
  20:10  warning  'get_collapse_btn_element' is defined but never used  no-unused-vars
  29:10  warning  'hide_all_steps' is defined but never used            no-unused-vars
  31:9   warning  '$' is not defined                                    no-undef

/home/runner/work/exp-ode-runge-kutta-method-2nd-order-iitb/exp-ode-runge-kutta-method-2nd-order-iitb/experiment/simulation/common_libraries/js/ts_components/matrix.js
   27:26  warning  'MathJax' is not defined                                no-undef
   32:7   warning  'Matrix_Without_String' is defined but never used       no-unused-vars
   52:26  warning  'MathJax' is not defined                                no-undef
   56:10  warning  'get_matrix_html' is defined but never used             no-unused-vars
   87:13  warning  'row_html' is assigned a value but never used           no-unused-vars
   99:10  warning  'get_matrix_html_with_title' is defined but never used  no-unused-vars
  131:13  warning  'row_html' is assigned a value but never used           no-unused-vars
  143:10  warning  'convert_2d_to_1d_vector' is defined but never used     no-unused-vars
  156:10  warning  'convert_1d_to_2d_matrix' is defined but never used     no-unused-vars

/home/runner/work/exp-ode-runge-kutta-method-2nd-order-iitb/exp-ode-runge-kutta-method-2nd-order-iitb/experiment/simulation/common_libraries/js/ts_components/pannel.js
  8:7  warning  'Pannel' is defined but never used  no-unused-vars

/home/runner/work/exp-ode-runge-kutta-method-2nd-order-iitb/exp-ode-runge-kutta-method-2nd-order-iitb/experiment/simulation/common_libraries/js/ts_components/questions.js
   6:17  warning  'op1' is assigned a value but never used      no-unused-vars
   7:17  warning  'op2' is assigned a value but never used      no-unused-vars
   8:17  warning  'op3' is assigned a value but never used      no-unused-vars
   9:17  warning  'op4' is assigned a value but never used      no-unused-vars
  94:7   warning  'Question_Options' is defined but never used  no-unused-vars

/home/runner/work/exp-ode-runge-kutta-method-2nd-order-iitb/exp-ode-runge-kutta-method-2nd-order-iitb/experiment/simulation/common_libraries/js/ts_components/tables.js
   19:22  warning  'verify_values' is not defined                                     no-undef
  137:22  warning  'verify_values' is not defined                                     no-undef
  260:7   warning  'Verify_Rows_Cols_6_decimal_places' is defined but never used      no-unused-vars
  311:22  warning  'verify_values' is not defined                                     no-undef
  416:7   warning  'Verify_Rows_Cols_Custom_Fixed_Update1' is defined but never used  no-unused-vars
  468:7   warning  'Show_Table_Custom_Fixed' is defined but never used                no-unused-vars
  506:7   warning  'Verify_Rows_Cols_Strings' is defined but never used               no-unused-vars
  527:22  warning  'verify_values' is not defined                                     no-undef
  663:7   warning  'Display_Table' is defined but never used                          no-unused-vars

/home/runner/work/exp-ode-runge-kutta-method-2nd-order-iitb/exp-ode-runge-kutta-method-2nd-order-iitb/experiment/simulation/common_libraries/js/ts_math_library/general_math_functions.js
    1:10  warning  'verify_values' is defined but never used                   no-unused-vars
   17:10  warning  'random1' is defined but never used                         no-unused-vars
   21:10  warning  'std_deviation' is defined but never used                   no-unused-vars
   26:10  warning  'gauss' is defined but never used                           no-unused-vars
   56:10  warning  'hide_panel' is defined but never used                      no-unused-vars
   63:10  warning  'inverse_matrix' is defined but never used                  no-unused-vars
   96:10  warning  'matrix_multiplication' is defined but never used           no-unused-vars
  113:10  warning  'transpose_matrix' is defined but never used                no-unused-vars
  123:10  warning  'matrix_multiplication_8decimal' is defined but never used  no-unused-vars
  140:10  warning  'adjoint_2x2_matrix' is defined but never used              no-unused-vars
  145:10  warning  'find_deteminant' is defined but never used                 no-unused-vars
  174:10  warning  'get_Submatrix' is defined but never used                   no-unused-vars

/home/runner/work/exp-ode-runge-kutta-method-2nd-order-iitb/exp-ode-runge-kutta-method-2nd-order-iitb/experiment/simulation/common_libraries/js/ts_math_library/regression.js
   1:10  warning  'regression_linear' is defined but never used            no-unused-vars
  18:10  warning  'regression_linear_1variable' is defined but never used  no-unused-vars
  27:10  warning  'regression_linear_2variable' is defined but never used  no-unused-vars
  52:11  warning  'gauss' is not defined                                   no-undef

/home/runner/work/exp-ode-runge-kutta-method-2nd-order-iitb/exp-ode-runge-kutta-method-2nd-order-iitb/experiment/simulation/common_libraries/math.ob.js
  1:745  warning  'b' is already defined  no-redeclare

/home/runner/work/exp-ode-runge-kutta-method-2nd-order-iitb/exp-ode-runge-kutta-method-2nd-order-iitb/experiment/simulation/js/activity1.js
   13:24  warning  'MathJax' is not defined                         no-undef
   15:10  warning  'start_act1' is defined but never used           no-unused-vars
   20:20  warning  'get_collapse_btn_text' is not defined           no-undef
   84:5   warning  'hide_all_steps' is not defined                  no-undef
   85:5   warning  'show_step' is not defined                       no-undef
   86:24  warning  'MathJax' is not defined                         no-undef
   88:10  warning  'calculate_hxy' is defined but never used        no-unused-vars
   91:5   warning  'n_val' is not defined                           no-undef
   92:25  warning  'n_val' is not defined                           no-undef
   94:5   warning  'h' is not defined                               no-undef
   94:10  warning  'xn' is not defined                              no-undef
   94:15  warning  'x1' is not defined                              no-undef
   94:21  warning  'n_val' is not defined                           no-undef
   95:5   warning  'h_val' is not defined                           no-undef
   95:24  warning  'h' is not defined                               no-undef
   96:24  warning  'h_val' is not defined                           no-undef
   98:5   warning  'x_val' is not defined                           no-undef
   98:16  warning  'x1' is not defined                              no-undef
   99:26  warning  'n_val' is not defined                           no-undef
  100:9   warning  'x_val' is not defined                           no-undef
  100:32  warning  'x_val' is not defined                           no-undef
  100:47  warning  'h_val' is not defined                           no-undef
  102:28  warning  'x_val' is not defined                           no-undef
  104:5   warning  'y_val' is not defined                           no-undef
  104:13  warning  'gety' is not defined                            no-undef
  104:18  warning  'x1' is not defined                              no-undef
  104:22  warning  'xn' is not defined                              no-undef
  104:26  warning  'y1' is not defined                              no-undef
  104:30  warning  'n_val' is not defined                           no-undef
  105:24  warning  'y_val' is not defined                           no-undef
  109:10  warning  'verify_h_value_act1' is defined but never used  no-unused-vars
  111:10  warning  'verify_values' is not defined                   no-undef
  111:60  warning  'h_val' is not defined                           no-undef
  130:5   warning  'tb_data' is not defined                         no-undef
  133:22  warning  'n_val' is not defined                           no-undef
  134:24  warning  'x_val' is not defined                           no-undef
  135:9   warning  'tb_data' is not defined                         no-undef
  135:25  warning  'y_val' is not defined                           no-undef
  138:5   warning  'y15' is not defined                             no-undef
  138:11  warning  'y_val' is not defined                           no-undef
  139:25  warning  'y_val' is not defined                           no-undef
  140:18  warning  'Verify_Table' is not defined                    no-undef
  140:39  warning  'tb_data' is not defined                         no-undef
  140:61  warning  'y_val' is not defined                           no-undef
  147:10  warning  'verify_y_value' is defined but never used       no-unused-vars
  149:10  warning  'verify_values' is not defined                   no-undef
  149:60  warning  'y15' is not defined                             no-undef
  159:5   warning  'activity2' is not defined                       no-undef

/home/runner/work/exp-ode-runge-kutta-method-2nd-order-iitb/exp-ode-runge-kutta-method-2nd-order-iitb/experiment/simulation/js/activity2.js
    1:10  warning  'activity2' is defined but never used            no-unused-vars
    6:20  warning  'get_collapse_btn_text' is not defined           no-undef
   66:5   warning  'maindiv' is not defined                         no-undef
   67:5   warning  'hide_all_steps' is not defined                  no-undef
   68:5   warning  'show_step' is not defined                       no-undef
   69:24  warning  'MathJax' is not defined                         no-undef
   71:10  warning  'act2_calculate_hxy' is defined but never used   no-unused-vars
   74:5   warning  'act2_n_val' is not defined                      no-undef
   75:30  warning  'act2_n_val' is not defined                      no-undef
   77:5   warning  'act2_h' is not defined                          no-undef
   77:15  warning  'act2_xn' is not defined                         no-undef
   77:25  warning  'act2_x1' is not defined                         no-undef
   77:36  warning  'act2_n_val' is not defined                      no-undef
   78:5   warning  'act2_h_val' is not defined                      no-undef
   78:29  warning  'act2_h' is not defined                          no-undef
   79:29  warning  'act2_h_val' is not defined                      no-undef
   81:5   warning  'act2_x_val' is not defined                      no-undef
   81:21  warning  'act2_x1' is not defined                         no-undef
   82:26  warning  'act2_n_val' is not defined                      no-undef
   83:9   warning  'act2_x_val' is not defined                      no-undef
   83:37  warning  'act2_x_val' is not defined                      no-undef
   83:57  warning  'act2_h_val' is not defined                      no-undef
   85:28  warning  'act2_x_val' is not defined                      no-undef
   87:5   warning  'act2_y_val' is not defined                      no-undef
   87:18  warning  'gety2' is not defined                           no-undef
   87:24  warning  'act2_x1' is not defined                         no-undef
   87:33  warning  'act2_xn' is not defined                         no-undef
   87:42  warning  'act2_y1' is not defined                         no-undef
   87:51  warning  'act2_n_val' is not defined                      no-undef
   88:24  warning  'act2_y_val' is not defined                      no-undef
   92:10  warning  'verify_h_value_act2' is defined but never used  no-unused-vars
   94:10  warning  'verify_values' is not defined                   no-undef
   94:65  warning  'act2_h_val' is not defined                      no-undef
  113:5   warning  'act2_tb_data' is not defined                    no-undef
  116:22  warning  'act2_n_val' is not defined                      no-undef
  117:29  warning  'act2_x_val' is not defined                      no-undef
  118:9   warning  'act2_tb_data' is not defined                    no-undef
  118:30  warning  'act2_y_val' is not defined                      no-undef
  121:5   warning  'act2_y15' is not defined                        no-undef
  121:16  warning  'act2_y_val' is not defined                      no-undef
  122:25  warning  'act2_y_val' is not defined                      no-undef
  123:18  warning  'Verify_Table' is not defined                    no-undef
  123:44  warning  'act2_tb_data' is not defined                    no-undef
  123:76  warning  'act2_y_val' is not defined                      no-undef
  130:10  warning  'act2_verify_y_value' is defined but never used  no-unused-vars
  132:10  warning  'verify_values' is not defined                   no-undef
  132:65  warning  'act2_y15' is not defined                        no-undef
  142:5   warning  'activity3' is not defined                       no-undef

/home/runner/work/exp-ode-runge-kutta-method-2nd-order-iitb/exp-ode-runge-kutta-method-2nd-order-iitb/experiment/simulation/js/activity3.js
    1:10  warning  'activity3' is defined but never used            no-unused-vars
    6:20  warning  'get_collapse_btn_text' is not defined           no-undef
   67:5   warning  'maindiv' is not defined                         no-undef
   68:5   warning  'hide_all_steps' is not defined                  no-undef
   69:5   warning  'show_step' is not defined                       no-undef
   70:24  warning  'MathJax' is not defined                         no-undef
   72:10  warning  'act3_calculate_hxy' is defined but never used   no-unused-vars
   75:5   warning  'act3_n_val' is not defined                      no-undef
   76:30  warning  'act3_n_val' is not defined                      no-undef
   78:5   warning  'act3_h' is not defined                          no-undef
   78:15  warning  'act3_xn' is not defined                         no-undef
   78:25  warning  'act3_x1' is not defined                         no-undef
   78:36  warning  'act3_n_val' is not defined                      no-undef
   79:5   warning  'act3_h_val' is not defined                      no-undef
   79:29  warning  'act3_h' is not defined                          no-undef
   80:29  warning  'act3_h_val' is not defined                      no-undef
   82:5   warning  'act3_x_val' is not defined                      no-undef
   82:21  warning  'act3_x1' is not defined                         no-undef
   83:26  warning  'act3_n_val' is not defined                      no-undef
   84:9   warning  'act3_x_val' is not defined                      no-undef
   84:37  warning  'act3_x_val' is not defined                      no-undef
   84:57  warning  'act3_h_val' is not defined                      no-undef
   86:33  warning  'act3_x_val' is not defined                      no-undef
   88:5   warning  'act3_y_val' is not defined                      no-undef
   88:18  warning  'gety3' is not defined                           no-undef
   88:24  warning  'act3_x1' is not defined                         no-undef
   88:33  warning  'act3_xn' is not defined                         no-undef
   88:42  warning  'act3_y1' is not defined                         no-undef
   88:51  warning  'act3_n_val' is not defined                      no-undef
   89:29  warning  'act3_y_val' is not defined                      no-undef
   93:10  warning  'verify_h_value_act3' is defined but never used  no-unused-vars
   95:10  warning  'verify_values' is not defined                   no-undef
   95:65  warning  'act3_h_val' is not defined                      no-undef
  114:5   warning  'act3_tb_data' is not defined                    no-undef
  117:22  warning  'act3_n_val' is not defined                      no-undef
  118:29  warning  'act3_x_val' is not defined                      no-undef
  119:9   warning  'act3_tb_data' is not defined                    no-undef
  119:30  warning  'act3_y_val' is not defined                      no-undef
  122:5   warning  'act3_y15' is not defined                        no-undef
  122:16  warning  'act3_y_val' is not defined                      no-undef
  123:30  warning  'act3_y_val' is not defined                      no-undef
  124:18  warning  'Verify_Table' is not defined                    no-undef
  124:44  warning  'act3_tb_data' is not defined                    no-undef
  124:76  warning  'act3_y_val' is not defined                      no-undef
  131:10  warning  'act3_verify_y_value' is defined but never used  no-unused-vars
  135:10  warning  'verify_values' is not defined                   no-undef
  135:65  warning  'act3_y15' is not defined                        no-undef
  149:10  warning  'exp_complete' is defined but never used         no-unused-vars

/home/runner/work/exp-ode-runge-kutta-method-2nd-order-iitb/exp-ode-runge-kutta-method-2nd-order-iitb/experiment/simulation/js/data.js
  48:5   warning  'mat_x' is assigned a value but never used         no-unused-vars
  49:5   warning  'mat_x1' is assigned a value but never used        no-unused-vars
  51:10  warning  'verify_values_abs' is defined but never used      no-unused-vars
  64:5   warning  'tb_data' is assigned a value but never used       no-unused-vars
  65:5   warning  'n_val' is defined but never used                  no-unused-vars
  66:5   warning  'x1' is assigned a value but never used            no-unused-vars
  67:5   warning  'xn' is assigned a value but never used            no-unused-vars
  68:5   warning  'y1' is assigned a value but never used            no-unused-vars
  69:5   warning  'x_val' is assigned a value but never used         no-unused-vars
  70:5   warning  'y_val' is defined but never used                  no-unused-vars
  71:5   warning  'h' is assigned a value but never used             no-unused-vars
  72:5   warning  'h_val' is assigned a value but never used         no-unused-vars
  73:5   warning  'y15' is assigned a value but never used           no-unused-vars
  74:5   warning  'act2_tb_data' is assigned a value but never used  no-unused-vars
  75:5   warning  'act2_n_val' is defined but never used             no-unused-vars
  76:5   warning  'act2_x1' is assigned a value but never used       no-unused-vars
  77:5   warning  'act2_xn' is assigned a value but never used       no-unused-vars
  78:5   warning  'act2_y1' is assigned a value but never used       no-unused-vars
  79:5   warning  'act2_x_val' is assigned a value but never used    no-unused-vars
  80:5   warning  'act2_y_val' is defined but never used             no-unused-vars
  81:5   warning  'act2_h' is assigned a value but never used        no-unused-vars
  82:5   warning  'act2_h_val' is assigned a value but never used    no-unused-vars
  83:5   warning  'act2_y15' is assigned a value but never used      no-unused-vars
  84:5   warning  'act3_tb_data' is assigned a value but never used  no-unused-vars
  85:5   warning  'act3_n_val' is defined but never used             no-unused-vars
  86:5   warning  'act3_x1' is assigned a value but never used       no-unused-vars
  87:5   warning  'act3_xn' is assigned a value but never used       no-unused-vars
  88:5   warning  'act3_y1' is assigned a value but never used       no-unused-vars
  89:5   warning  'act3_x_val' is assigned a value but never used    no-unused-vars
  90:5   warning  'act3_y_val' is defined but never used             no-unused-vars
  91:5   warning  'act3_h' is assigned a value but never used        no-unused-vars
  92:5   warning  'act3_h_val' is assigned a value but never used    no-unused-vars
  93:5   warning  'act3_y15' is assigned a value but never used      no-unused-vars

/home/runner/work/exp-ode-runge-kutta-method-2nd-order-iitb/exp-ode-runge-kutta-method-2nd-order-iitb/experiment/simulation/js/euler.js
   4:10  warning  'gety' is defined but never used   no-unused-vars
  21:16  warning  'y' is defined but never used      no-unused-vars
  24:10  warning  'gety2' is defined but never used  no-unused-vars
  44:10  warning  'gety3' is defined but never used  no-unused-vars

/home/runner/work/exp-ode-runge-kutta-method-2nd-order-iitb/exp-ode-runge-kutta-method-2nd-order-iitb/experiment/simulation/js/screen_size.js
  1:10  warning  'set_screen_size' is defined but never used  no-unused-vars

✖ 233 problems (0 errors, 233 warnings)

